<?xml version="1.0" encoding="UTF-8" ?>
<testsuite failures="0" time="0.015" errors="0" skipped="0" tests="1" name="org.traqmetrics.util.AppTest">
  <properties>
    <property name="java.runtime.name" value="Java(TM) SE Runtime Environment"/>
    <property name="sun.boot.library.path" value="E:\traqmetrics\jdk1.6.0_24\jre\bin"/>
    <property name="java.vm.version" value="19.1-b02"/>
    <property name="java.vm.vendor" value="Sun Microsystems Inc."/>
    <property name="java.vendor.url" value="http://java.sun.com/"/>
    <property name="path.separator" value=";"/>
    <property name="java.vm.name" value="Java HotSpot(TM) Client VM"/>
    <property name="file.encoding.pkg" value="sun.io"/>
    <property name="user.country" value="US"/>
    <property name="sun.java.launcher" value="SUN_STANDARD"/>
    <property name="sun.os.patch.level" value=""/>
    <property name="java.vm.specification.name" value="Java Virtual Machine Specification"/>
    <property name="user.dir" value="C:\Users\phani\Desktop\traqmetrics\traqmetrics\traqmetrics-util"/>
    <property name="java.runtime.version" value="1.6.0_24-b07"/>
    <property name="java.awt.graphicsenv" value="sun.awt.Win32GraphicsEnvironment"/>
    <property name="basedir" value="C:\Users\phani\Desktop\traqmetrics\traqmetrics\traqmetrics-util"/>
    <property name="java.endorsed.dirs" value="E:\traqmetrics\jdk1.6.0_24\jre\lib\endorsed"/>
    <property name="os.arch" value="x86"/>
    <property name="surefire.real.class.path" value="C:\Users\phani\Desktop\traqmetrics\traqmetrics\traqmetrics-util\target\surefire\surefirebooter1333853127582824390.jar"/>
    <property name="java.io.tmpdir" value="C:\Users\phani\AppData\Local\Temp\"/>
    <property name="line.separator" value="
"/>
    <property name="java.vm.specification.vendor" value="Sun Microsystems Inc."/>
    <property name="user.variant" value=""/>
    <property name="os.name" value="Windows 7"/>
    <property name="sun.jnu.encoding" value="Cp1252"/>
    <property name="java.library.path" value="E:\traqmetrics\jdk1.6.0_24\jre\bin;.;C:\Windows\Sun\Java\bin;C:\Windows\system32;C:\Windows;D:/Traqmatix/Aptana_2.0.4/jre/bin/client;D:/Traqmatix/Aptana_2.0.4/jre/bin;C:\Program Files\Common Files\Microsoft Shared\Windows Live;C:\Windows\system32;C:\Windows;C:\Windows\System32\Wbem;C:\Windows\System32\WindowsPowerShell\v1.0\;E:\traqmetrics\apache-maven-2.2.1-bin\apache-maven-2.2.1\BIN;C:\Program Files\TortoiseGit\bin;E:\traqmetrics\jdk1.6.0_24\bin;E:\traqmetrics\apache-tomcat-6.0.35\bin;-Xms256m -Xmx768m -XX:MaxPermSize=256m -Dsun.rim.dgc.client.gcInterval=3600000 -Dsun.rim.dgc.server.gcInterval=3600000 -Dappserver.home=E:\traqmetrics\apache-tomcat-6.0.35 -Dappserver.base=E:\traqmetrics\apache-tomcat-6.0.35\bin;E:\traqmetrics\git\Git\bin\bin;C:\Program Files\Common Files\Microsoft Shared\Windows Live"/>
    <property name="surefire.test.class.path" value="C:\Users\phani\Desktop\traqmetrics\traqmetrics\traqmetrics-util\target\test-classes;C:\Users\phani\Desktop\traqmetrics\traqmetrics\traqmetrics-util\target\classes;C:\Users\phani\.m2\repository\junit\junit\3.8.1\junit-3.8.1.jar;C:\Users\phani\.m2\repository\log4j\log4j\1.2.16\log4j-1.2.16.jar;C:\Users\phani\.m2\repository\commons-logging\commons-logging\1.1.1\commons-logging-1.1.1.jar;C:\Users\phani\.m2\repository\org\springframework\spring-core\3.0.7.RELEASE\spring-core-3.0.7.RELEASE.jar;C:\Users\phani\.m2\repository\org\springframework\spring-asm\3.0.7.RELEASE\spring-asm-3.0.7.RELEASE.jar;C:\Users\phani\.m2\repository\org\springframework\spring-beans\3.0.7.RELEASE\spring-beans-3.0.7.RELEASE.jar;C:\Users\phani\.m2\repository\org\springframework\spring-context\3.0.7.RELEASE\spring-context-3.0.7.RELEASE.jar;C:\Users\phani\.m2\repository\org\springframework\spring-aop\3.0.7.RELEASE\spring-aop-3.0.7.RELEASE.jar;C:\Users\phani\.m2\repository\aopalliance\aopalliance\1.0\aopalliance-1.0.jar;C:\Users\phani\.m2\repository\org\springframework\spring-expression\3.0.7.RELEASE\spring-expression-3.0.7.RELEASE.jar;C:\Users\phani\.m2\repository\org\springframework\spring-context-support\3.0.7.RELEASE\spring-context-support-3.0.7.RELEASE.jar;"/>
    <property name="java.specification.name" value="Java Platform API Specification"/>
    <property name="java.class.version" value="50.0"/>
    <property name="sun.management.compiler" value="HotSpot Client Compiler"/>
    <property name="os.version" value="6.1"/>
    <property name="user.home" value="C:\Users\phani"/>
    <property name="user.timezone" value=""/>
    <property name="java.awt.printerjob" value="sun.awt.windows.WPrinterJob"/>
    <property name="java.specification.version" value="1.6"/>
    <property name="file.encoding" value="Cp1252"/>
    <property name="user.name" value="phani"/>
    <property name="java.class.path" value="C:\Users\phani\Desktop\traqmetrics\traqmetrics\traqmetrics-util\target\test-classes;C:\Users\phani\Desktop\traqmetrics\traqmetrics\traqmetrics-util\target\classes;C:\Users\phani\.m2\repository\junit\junit\3.8.1\junit-3.8.1.jar;C:\Users\phani\.m2\repository\log4j\log4j\1.2.16\log4j-1.2.16.jar;C:\Users\phani\.m2\repository\commons-logging\commons-logging\1.1.1\commons-logging-1.1.1.jar;C:\Users\phani\.m2\repository\org\springframework\spring-core\3.0.7.RELEASE\spring-core-3.0.7.RELEASE.jar;C:\Users\phani\.m2\repository\org\springframework\spring-asm\3.0.7.RELEASE\spring-asm-3.0.7.RELEASE.jar;C:\Users\phani\.m2\repository\org\springframework\spring-beans\3.0.7.RELEASE\spring-beans-3.0.7.RELEASE.jar;C:\Users\phani\.m2\repository\org\springframework\spring-context\3.0.7.RELEASE\spring-context-3.0.7.RELEASE.jar;C:\Users\phani\.m2\repository\org\springframework\spring-aop\3.0.7.RELEASE\spring-aop-3.0.7.RELEASE.jar;C:\Users\phani\.m2\repository\aopalliance\aopalliance\1.0\aopalliance-1.0.jar;C:\Users\phani\.m2\repository\org\springframework\spring-expression\3.0.7.RELEASE\spring-expression-3.0.7.RELEASE.jar;C:\Users\phani\.m2\repository\org\springframework\spring-context-support\3.0.7.RELEASE\spring-context-support-3.0.7.RELEASE.jar;"/>
    <property name="java.vm.specification.version" value="1.0"/>
    <property name="sun.arch.data.model" value="32"/>
    <property name="java.home" value="E:\traqmetrics\jdk1.6.0_24\jre"/>
    <property name="java.specification.vendor" value="Sun Microsystems Inc."/>
    <property name="user.language" value="en"/>
    <property name="awt.toolkit" value="sun.awt.windows.WToolkit"/>
    <property name="java.vm.info" value="mixed mode, sharing"/>
    <property name="java.version" value="1.6.0_24"/>
    <property name="java.ext.dirs" value="E:\traqmetrics\jdk1.6.0_24\jre\lib\ext;C:\Windows\Sun\Java\lib\ext"/>
    <property name="sun.boot.class.path" value="E:\traqmetrics\jdk1.6.0_24\jre\lib\resources.jar;E:\traqmetrics\jdk1.6.0_24\jre\lib\rt.jar;E:\traqmetrics\jdk1.6.0_24\jre\lib\sunrsasign.jar;E:\traqmetrics\jdk1.6.0_24\jre\lib\jsse.jar;E:\traqmetrics\jdk1.6.0_24\jre\lib\jce.jar;E:\traqmetrics\jdk1.6.0_24\jre\lib\charsets.jar;E:\traqmetrics\jdk1.6.0_24\jre\lib\modules\jdk.boot.jar;E:\traqmetrics\jdk1.6.0_24\jre\classes"/>
    <property name="java.vendor" value="Sun Microsystems Inc."/>
    <property name="localRepository" value="C:\Users\phani\.m2\repository"/>
    <property name="file.separator" value="\"/>
    <property name="java.vendor.url.bug" value="http://java.sun.com/cgi-bin/bugreport.cgi"/>
    <property name="sun.cpu.endian" value="little"/>
    <property name="sun.io.unicode.encoding" value="UnicodeLittle"/>
    <property name="sun.desktop" value="windows"/>
    <property name="sun.cpu.isalist" value="pentium_pro+mmx pentium_pro pentium+mmx pentium i486 i386 i86"/>
  </properties>
  <testcase time="0.002" classname="org.traqmetrics.util.AppTest" name="testApp"/>
</testsuite>